<?xml version="1.0" encoding="UTF-8"?>
<testsuite name="com.justindoehling.springconfigprops.SpringConfigPropsApplicationTests" tests="1" skipped="0" failures="0" errors="0" timestamp="2019-03-31T16:01:48" hostname="localhost" time="0.653">
  <properties/>
  <testcase name="contextLoads" classname="com.justindoehling.springconfigprops.SpringConfigPropsApplicationTests" time="0.653"/>
  <system-out><![CDATA[11:01:45.374 [Test worker] DEBUG org.springframework.test.context.junit4.SpringJUnit4ClassRunner - SpringJUnit4ClassRunner constructor called with [class com.justindoehling.springconfigprops.SpringConfigPropsApplicationTests]
11:01:45.387 [Test worker] DEBUG org.springframework.test.context.BootstrapUtils - Instantiating CacheAwareContextLoaderDelegate from class [org.springframework.test.context.cache.DefaultCacheAwareContextLoaderDelegate]
11:01:45.397 [Test worker] DEBUG org.springframework.test.context.BootstrapUtils - Instantiating BootstrapContext using constructor [public org.springframework.test.context.support.DefaultBootstrapContext(java.lang.Class,org.springframework.test.context.CacheAwareContextLoaderDelegate)]
11:01:45.416 [Test worker] DEBUG org.springframework.test.context.BootstrapUtils - Instantiating TestContextBootstrapper for test class [com.justindoehling.springconfigprops.SpringConfigPropsApplicationTests] from class [org.springframework.boot.test.context.SpringBootTestContextBootstrapper]
11:01:45.429 [Test worker] INFO org.springframework.boot.test.context.SpringBootTestContextBootstrapper - Neither @ContextConfiguration nor @ContextHierarchy found for test class [com.justindoehling.springconfigprops.SpringConfigPropsApplicationTests], using SpringBootContextLoader
11:01:45.432 [Test worker] DEBUG org.springframework.test.context.support.AbstractContextLoader - Did not detect default resource location for test class [com.justindoehling.springconfigprops.SpringConfigPropsApplicationTests]: class path resource [com/justindoehling/springconfigprops/SpringConfigPropsApplicationTests-context.xml] does not exist
11:01:45.432 [Test worker] DEBUG org.springframework.test.context.support.AbstractContextLoader - Did not detect default resource location for test class [com.justindoehling.springconfigprops.SpringConfigPropsApplicationTests]: class path resource [com/justindoehling/springconfigprops/SpringConfigPropsApplicationTestsContext.groovy] does not exist
11:01:45.433 [Test worker] INFO org.springframework.test.context.support.AbstractContextLoader - Could not detect default resource locations for test class [com.justindoehling.springconfigprops.SpringConfigPropsApplicationTests]: no resource found for suffixes {-context.xml, Context.groovy}.
11:01:45.434 [Test worker] INFO org.springframework.test.context.support.AnnotationConfigContextLoaderUtils - Could not detect default configuration classes for test class [com.justindoehling.springconfigprops.SpringConfigPropsApplicationTests]: SpringConfigPropsApplicationTests does not declare any static, non-private, non-final, nested classes annotated with @Configuration.
11:01:45.483 [Test worker] DEBUG org.springframework.test.context.support.ActiveProfilesUtils - Could not find an 'annotation declaring class' for annotation type [org.springframework.test.context.ActiveProfiles] and class [com.justindoehling.springconfigprops.SpringConfigPropsApplicationTests]
11:01:45.552 [Test worker] DEBUG org.springframework.context.annotation.ClassPathScanningCandidateComponentProvider - Identified candidate component class: file [/Users/justin.doehling/Downloads/spring-config-props/spring-config-props/build/classes/kotlin/main/com/justindoehling/springconfigprops/SpringConfigPropsApplication.class]
11:01:45.556 [Test worker] INFO org.springframework.boot.test.context.SpringBootTestContextBootstrapper - Found @SpringBootConfiguration com.justindoehling.springconfigprops.SpringConfigPropsApplication for test class com.justindoehling.springconfigprops.SpringConfigPropsApplicationTests
11:01:45.646 [Test worker] DEBUG org.springframework.boot.test.context.SpringBootTestContextBootstrapper - @TestExecutionListeners is not present for class [com.justindoehling.springconfigprops.SpringConfigPropsApplicationTests]: using defaults.
11:01:45.647 [Test worker] INFO org.springframework.boot.test.context.SpringBootTestContextBootstrapper - Loaded default TestExecutionListener class names from location [META-INF/spring.factories]: [org.springframework.boot.test.autoconfigure.restdocs.RestDocsTestExecutionListener, org.springframework.boot.test.autoconfigure.web.client.MockRestServiceServerResetTestExecutionListener, org.springframework.boot.test.autoconfigure.web.servlet.MockMvcPrintOnlyOnFailureTestExecutionListener, org.springframework.boot.test.autoconfigure.web.servlet.WebDriverTestExecutionListener, org.springframework.boot.test.mock.mockito.MockitoTestExecutionListener, org.springframework.boot.test.mock.mockito.ResetMocksTestExecutionListener, org.springframework.test.context.web.ServletTestExecutionListener, org.springframework.test.context.support.DirtiesContextBeforeModesTestExecutionListener, org.springframework.test.context.support.DependencyInjectionTestExecutionListener, org.springframework.test.context.support.DirtiesContextTestExecutionListener, org.springframework.test.context.transaction.TransactionalTestExecutionListener, org.springframework.test.context.jdbc.SqlScriptsTestExecutionListener]
11:01:45.658 [Test worker] DEBUG org.springframework.boot.test.context.SpringBootTestContextBootstrapper - Skipping candidate TestExecutionListener [org.springframework.test.context.web.ServletTestExecutionListener] due to a missing dependency. Specify custom listener classes or make the default listener classes and their required dependencies available. Offending class: [javax/servlet/ServletContext]
11:01:45.660 [Test worker] DEBUG org.springframework.boot.test.context.SpringBootTestContextBootstrapper - Skipping candidate TestExecutionListener [org.springframework.test.context.transaction.TransactionalTestExecutionListener] due to a missing dependency. Specify custom listener classes or make the default listener classes and their required dependencies available. Offending class: [org/springframework/transaction/interceptor/TransactionAttributeSource]
11:01:45.660 [Test worker] DEBUG org.springframework.boot.test.context.SpringBootTestContextBootstrapper - Skipping candidate TestExecutionListener [org.springframework.test.context.jdbc.SqlScriptsTestExecutionListener] due to a missing dependency. Specify custom listener classes or make the default listener classes and their required dependencies available. Offending class: [org/springframework/transaction/interceptor/TransactionAttribute]
11:01:45.661 [Test worker] INFO org.springframework.boot.test.context.SpringBootTestContextBootstrapper - Using TestExecutionListeners: [org.springframework.test.context.support.DirtiesContextBeforeModesTestExecutionListener@2a5a6773, org.springframework.boot.test.mock.mockito.MockitoTestExecutionListener@30b957d, org.springframework.boot.test.autoconfigure.SpringBootDependencyInjectionTestExecutionListener@419e2198, org.springframework.test.context.support.DirtiesContextTestExecutionListener@48911d55, org.springframework.boot.test.autoconfigure.restdocs.RestDocsTestExecutionListener@31098acb, org.springframework.boot.test.autoconfigure.web.client.MockRestServiceServerResetTestExecutionListener@6e7641ea, org.springframework.boot.test.autoconfigure.web.servlet.MockMvcPrintOnlyOnFailureTestExecutionListener@5e543f5d, org.springframework.boot.test.autoconfigure.web.servlet.WebDriverTestExecutionListener@1eefea77, org.springframework.boot.test.mock.mockito.ResetMocksTestExecutionListener@634d64b3]
11:01:45.664 [Test worker] DEBUG org.springframework.test.annotation.ProfileValueUtils - Retrieved @ProfileValueSourceConfiguration [null] for test class [com.justindoehling.springconfigprops.SpringConfigPropsApplicationTests]
11:01:45.665 [Test worker] DEBUG org.springframework.test.annotation.ProfileValueUtils - Retrieved ProfileValueSource type [class org.springframework.test.annotation.SystemProfileValueSource] for class [com.justindoehling.springconfigprops.SpringConfigPropsApplicationTests]
11:01:45.666 [Test worker] DEBUG org.springframework.test.annotation.ProfileValueUtils - Retrieved @ProfileValueSourceConfiguration [null] for test class [com.justindoehling.springconfigprops.SpringConfigPropsApplicationTests]
11:01:45.666 [Test worker] DEBUG org.springframework.test.annotation.ProfileValueUtils - Retrieved ProfileValueSource type [class org.springframework.test.annotation.SystemProfileValueSource] for class [com.justindoehling.springconfigprops.SpringConfigPropsApplicationTests]
11:01:45.671 [Test worker] DEBUG org.springframework.test.context.support.AbstractDirtiesContextTestExecutionListener - Before test class: context [DefaultTestContext@4e36094c testClass = SpringConfigPropsApplicationTests, testInstance = [null], testMethod = [null], testException = [null], mergedContextConfiguration = [MergedContextConfiguration@12d46a83 testClass = SpringConfigPropsApplicationTests, locations = '{}', classes = '{class com.justindoehling.springconfigprops.SpringConfigPropsApplication}', contextInitializerClasses = '[]', activeProfiles = '{}', propertySourceLocations = '{}', propertySourceProperties = '{org.springframework.boot.test.context.SpringBootTestContextBootstrapper=true}', contextCustomizers = set[org.springframework.boot.test.autoconfigure.properties.PropertyMappingContextCustomizer@0, org.springframework.boot.test.autoconfigure.web.servlet.WebDriverContextCustomizerFactory$Customizer@3a2b33a, org.springframework.boot.test.context.filter.ExcludeFilterContextCustomizer@239ab084, org.springframework.boot.test.json.DuplicateJsonObjectContextCustomizerFactory$DuplicateJsonObjectContextCustomizer@7f69c408, org.springframework.boot.test.mock.mockito.MockitoContextCustomizer@0, org.springframework.boot.test.web.client.TestRestTemplateContextCustomizer@582960aa], contextLoader = 'org.springframework.boot.test.context.SpringBootContextLoader', parent = [null]], attributes = map[[empty]]], class annotated with @DirtiesContext [false] with mode [null].
11:01:45.671 [Test worker] DEBUG org.springframework.test.annotation.ProfileValueUtils - Retrieved @ProfileValueSourceConfiguration [null] for test class [com.justindoehling.springconfigprops.SpringConfigPropsApplicationTests]
11:01:45.672 [Test worker] DEBUG org.springframework.test.annotation.ProfileValueUtils - Retrieved ProfileValueSource type [class org.springframework.test.annotation.SystemProfileValueSource] for class [com.justindoehling.springconfigprops.SpringConfigPropsApplicationTests]
11:01:45.678 [Test worker] DEBUG org.springframework.test.context.support.DependencyInjectionTestExecutionListener - Performing dependency injection for test context [[DefaultTestContext@4e36094c testClass = SpringConfigPropsApplicationTests, testInstance = com.justindoehling.springconfigprops.SpringConfigPropsApplicationTests@62e668bb, testMethod = [null], testException = [null], mergedContextConfiguration = [MergedContextConfiguration@12d46a83 testClass = SpringConfigPropsApplicationTests, locations = '{}', classes = '{class com.justindoehling.springconfigprops.SpringConfigPropsApplication}', contextInitializerClasses = '[]', activeProfiles = '{}', propertySourceLocations = '{}', propertySourceProperties = '{org.springframework.boot.test.context.SpringBootTestContextBootstrapper=true}', contextCustomizers = set[org.springframework.boot.test.autoconfigure.properties.PropertyMappingContextCustomizer@0, org.springframework.boot.test.autoconfigure.web.servlet.WebDriverContextCustomizerFactory$Customizer@3a2b33a, org.springframework.boot.test.context.filter.ExcludeFilterContextCustomizer@239ab084, org.springframework.boot.test.json.DuplicateJsonObjectContextCustomizerFactory$DuplicateJsonObjectContextCustomizer@7f69c408, org.springframework.boot.test.mock.mockito.MockitoContextCustomizer@0, org.springframework.boot.test.web.client.TestRestTemplateContextCustomizer@582960aa], contextLoader = 'org.springframework.boot.test.context.SpringBootContextLoader', parent = [null]], attributes = map[[empty]]]].
11:01:45.699 [Test worker] DEBUG org.springframework.test.context.support.TestPropertySourceUtils - Adding inlined properties to environment: {spring.jmx.enabled=false, org.springframework.boot.test.context.SpringBootTestContextBootstrapper=true, server.port=-1}

  .   ____          _            __ _ _
 /\\ / ___'_ __ _ _(_)_ __  __ _ \ \ \ \
( ( )\___ | '_ | '_| | '_ \/ _` | \ \ \ \
 \\/  ___)| |_)| | | | | || (_| |  ) ) ) )
  '  |____| .__|_| |_|_| |_\__, | / / / /
 =========|_|==============|___/=/_/_/_/
 :: Spring Boot ::        (v2.1.3.RELEASE)

2019-03-31 11:01:45.943  INFO 11870 --- [    Test worker] c.j.s.SpringConfigPropsApplicationTests  : Starting SpringConfigPropsApplicationTests on localhost with PID 11870 (started by justin.doehling in /Users/justin.doehling/Downloads/spring-config-props/spring-config-props)
2019-03-31 11:01:45.944  INFO 11870 --- [    Test worker] c.j.s.SpringConfigPropsApplicationTests  : The following profiles are active: local
2019-03-31 11:01:48.416  INFO 11870 --- [    Test worker] c.j.s.SpringConfigPropsApplicationTests  : Started SpringConfigPropsApplicationTests in 2.711 seconds (JVM running for 3.907)
Hello Justin
Library Properties loaded: true
]]></system-out>
  <system-err><![CDATA[]]></system-err>
</testsuite>
