<?xml version="1.0" encoding="UTF-8"?>
<testsuite name="com.justindoehling.springconfigprops.LocalOnlySpringConfigPropsApplicationTests" tests="1" skipped="0" failures="0" errors="0" timestamp="2019-03-31T16:01:49" hostname="localhost" time="0.002">
  <properties/>
  <testcase name="contextLoads" classname="com.justindoehling.springconfigprops.LocalOnlySpringConfigPropsApplicationTests" time="0.002"/>
  <system-out><![CDATA[2019-03-31 11:01:49.092  INFO 11870 --- [    Test worker] .b.t.c.SpringBootTestContextBootstrapper : Neither @ContextConfiguration nor @ContextHierarchy found for test class [com.justindoehling.springconfigprops.LocalOnlySpringConfigPropsApplicationTests], using SpringBootContextLoader
2019-03-31 11:01:49.093  INFO 11870 --- [    Test worker] o.s.t.c.support.AbstractContextLoader    : Could not detect default resource locations for test class [com.justindoehling.springconfigprops.LocalOnlySpringConfigPropsApplicationTests]: no resource found for suffixes {-context.xml, Context.groovy}.
2019-03-31 11:01:49.094  INFO 11870 --- [    Test worker] t.c.s.AnnotationConfigContextLoaderUtils : Could not detect default configuration classes for test class [com.justindoehling.springconfigprops.LocalOnlySpringConfigPropsApplicationTests]: LocalOnlySpringConfigPropsApplicationTests does not declare any static, non-private, non-final, nested classes annotated with @Configuration.
2019-03-31 11:01:49.099  INFO 11870 --- [    Test worker] .b.t.c.SpringBootTestContextBootstrapper : Found @SpringBootConfiguration com.justindoehling.springconfigprops.SpringConfigPropsApplication for test class com.justindoehling.springconfigprops.LocalOnlySpringConfigPropsApplicationTests
2019-03-31 11:01:49.105  INFO 11870 --- [    Test worker] .b.t.c.SpringBootTestContextBootstrapper : Loaded default TestExecutionListener class names from location [META-INF/spring.factories]: [org.springframework.boot.test.autoconfigure.restdocs.RestDocsTestExecutionListener, org.springframework.boot.test.autoconfigure.web.client.MockRestServiceServerResetTestExecutionListener, org.springframework.boot.test.autoconfigure.web.servlet.MockMvcPrintOnlyOnFailureTestExecutionListener, org.springframework.boot.test.autoconfigure.web.servlet.WebDriverTestExecutionListener, org.springframework.boot.test.mock.mockito.MockitoTestExecutionListener, org.springframework.boot.test.mock.mockito.ResetMocksTestExecutionListener, org.springframework.test.context.web.ServletTestExecutionListener, org.springframework.test.context.support.DirtiesContextBeforeModesTestExecutionListener, org.springframework.test.context.support.DependencyInjectionTestExecutionListener, org.springframework.test.context.support.DirtiesContextTestExecutionListener, org.springframework.test.context.transaction.TransactionalTestExecutionListener, org.springframework.test.context.jdbc.SqlScriptsTestExecutionListener]
2019-03-31 11:01:49.107  INFO 11870 --- [    Test worker] .b.t.c.SpringBootTestContextBootstrapper : Using TestExecutionListeners: [org.springframework.test.context.support.DirtiesContextBeforeModesTestExecutionListener@5296aabb, org.springframework.boot.test.mock.mockito.MockitoTestExecutionListener@22a25f1c, org.springframework.boot.test.autoconfigure.SpringBootDependencyInjectionTestExecutionListener@78cfef6e, org.springframework.test.context.support.DirtiesContextTestExecutionListener@9e0eb25, org.springframework.boot.test.autoconfigure.restdocs.RestDocsTestExecutionListener@6ec44bd0, org.springframework.boot.test.autoconfigure.web.client.MockRestServiceServerResetTestExecutionListener@5eaea3ab, org.springframework.boot.test.autoconfigure.web.servlet.MockMvcPrintOnlyOnFailureTestExecutionListener@599d838f, org.springframework.boot.test.autoconfigure.web.servlet.WebDriverTestExecutionListener@57aae25a, org.springframework.boot.test.mock.mockito.ResetMocksTestExecutionListener@1b7cb9b4]
]]></system-out>
  <system-err><![CDATA[]]></system-err>
</testsuite>
